{
  "RSpec": {
    "coverage": {
      "/Users/richrace/Documents/Uni/Year_4/ThoughtWorks/mars_rover/Mars Rover/lib/grid.rb": [
        1,
        1,
        null,
        1,
        24,
        24,
        24,
        null,
        null
      ],
      "/Users/richrace/Documents/Uni/Year_4/ThoughtWorks/mars_rover/Mars Rover/spec/rover_spec.rb": [
        1,
        1,
        1,
        1,
        null,
        1,
        1,
        1,
        1,
        1,
        1,
        1,
        1,
        null,
        null,
        null
      ],
      "/Users/richrace/Documents/Uni/Year_4/ThoughtWorks/mars_rover/Mars Rover/lib/rover.rb": [
        1,
        1,
        null,
        1,
        17,
        17,
        17,
        null,
        null,
        1,
        0,
        0,
        null,
        0,
        0,
        null,
        0,
        0,
        null,
        0,
        0,
        null,
        null,
        null,
        null,
        1,
        0,
        null,
        null
      ],
      "/Users/richrace/Documents/Uni/Year_4/ThoughtWorks/mars_rover/Mars Rover/lib/states/facing_north_state.rb": [
        1,
        1,
        4,
        4,
        3,
        3,
        null,
        null,
        null,
        1,
        2,
        null,
        null,
        1,
        2,
        null,
        null,
        1,
        0,
        null,
        null
      ],
      "/Users/richrace/Documents/Uni/Year_4/ThoughtWorks/mars_rover/Mars Rover/spec/states/facing_east_state_spec.rb": [
        1,
        1,
        1,
        1,
        1,
        1,
        null,
        1,
        null,
        1,
        1,
        1,
        1,
        null,
        1,
        1,
        1,
        null,
        null,
        1,
        1,
        1,
        null,
        1,
        1,
        1,
        null,
        null,
        null,
        1,
        1,
        1,
        1,
        null,
        1,
        1,
        1,
        null,
        null,
        null,
        1,
        1,
        1,
        1,
        null,
        1,
        1,
        1,
        null,
        null,
        null
      ],
      "/Users/richrace/Documents/Uni/Year_4/ThoughtWorks/mars_rover/Mars Rover/lib/states/facing_west_state.rb": [
        1,
        1,
        2,
        2,
        1,
        1,
        null,
        null,
        null,
        1,
        1,
        null,
        null,
        1,
        1,
        null,
        null,
        1,
        0,
        null,
        null
      ],
      "/Users/richrace/Documents/Uni/Year_4/ThoughtWorks/mars_rover/Mars Rover/lib/states/facing_south_state.rb": [
        1,
        1,
        2,
        2,
        1,
        1,
        null,
        null,
        null,
        1,
        1,
        null,
        null,
        1,
        1,
        null,
        null,
        1,
        0,
        null,
        null
      ],
      "/Users/richrace/Documents/Uni/Year_4/ThoughtWorks/mars_rover/Mars Rover/spec/states/facing_north_state_spec.rb": [
        1,
        1,
        1,
        1,
        1,
        1,
        null,
        1,
        null,
        1,
        1,
        1,
        1,
        null,
        1,
        1,
        1,
        null,
        null,
        1,
        1,
        1,
        null,
        1,
        1,
        1,
        null,
        null,
        null,
        1,
        1,
        1,
        1,
        null,
        1,
        1,
        1,
        null,
        null,
        null,
        1,
        1,
        1,
        1,
        null,
        1,
        1,
        1,
        null,
        null,
        null
      ],
      "/Users/richrace/Documents/Uni/Year_4/ThoughtWorks/mars_rover/Mars Rover/lib/states/facing_east_state.rb": [
        1,
        1,
        0,
        0,
        0,
        0,
        null,
        null,
        null,
        1,
        0,
        null,
        null,
        1,
        0,
        null,
        null,
        1,
        0,
        null,
        null
      ],
      "/Users/richrace/Documents/Uni/Year_4/ThoughtWorks/mars_rover/Mars Rover/spec/states/facing_south_state_spec.rb": [
        1,
        1,
        1,
        1,
        1,
        1,
        null,
        1,
        null,
        1,
        1,
        1,
        1,
        null,
        1,
        1,
        1,
        null,
        null,
        1,
        1,
        1,
        null,
        1,
        1,
        1,
        null,
        null,
        null,
        1,
        1,
        1,
        1,
        null,
        1,
        1,
        1,
        null,
        null,
        null,
        1,
        1,
        1,
        1,
        null,
        1,
        1,
        1,
        null,
        null,
        null
      ],
      "/Users/richrace/Documents/Uni/Year_4/ThoughtWorks/mars_rover/Mars Rover/spec/states/facing_west_state_spec.rb": [
        1,
        1,
        1,
        1,
        1,
        1,
        null,
        1,
        null,
        1,
        1,
        1,
        1,
        null,
        1,
        1,
        1,
        null,
        null,
        1,
        1,
        1,
        null,
        1,
        1,
        1,
        null,
        null,
        null,
        1,
        1,
        1,
        1,
        null,
        1,
        1,
        1,
        null,
        null,
        null,
        1,
        1,
        1,
        1,
        null,
        1,
        1,
        1,
        null,
        null,
        null
      ]
    },
    "timestamp": 1368722531
  }
}
